Using pre-set license
Built from '2021.3/staging' branch; Version is '2021.3.1f1 (3b70a0754835) revision 3895456'; Using compiler version '192829333'; Build Type 'Release'
OS: 'Windows 10  (10.0.19043) 64bit Enterprise' Language: 'ca' Physical Memory: 16109 MB
BatchMode: 1, IsHumanControllingUs: 0, StartBugReporterOnCrash: 0, Is64bit: 1, IsPro: 1

COMMAND LINE ARGUMENTS:
C:\Program Files\Unity 2021.3.1f1\Editor\Unity.exe
-adb2
-batchMode
-noUpm
-name
AssetImportWorker0
-projectPath
C:/Users/carlosam15/Documents/GitHub/Artificial-Intelligence/My project
-logFile
Logs/AssetImportWorker0.log
-srvPort
56720
Successfully changed project path to: C:/Users/carlosam15/Documents/GitHub/Artificial-Intelligence/My project
C:/Users/carlosam15/Documents/GitHub/Artificial-Intelligence/My project
[UnityMemory] Configuration Parameters - Can be set up in boot.config
    "memorysetup-bucket-allocator-granularity=16"
    "memorysetup-bucket-allocator-bucket-count=8"
    "memorysetup-bucket-allocator-block-size=33554432"
    "memorysetup-bucket-allocator-block-count=8"
    "memorysetup-main-allocator-block-size=16777216"
    "memorysetup-thread-allocator-block-size=16777216"
    "memorysetup-gfx-main-allocator-block-size=16777216"
    "memorysetup-gfx-thread-allocator-block-size=16777216"
    "memorysetup-cache-allocator-block-size=4194304"
    "memorysetup-typetree-allocator-block-size=2097152"
    "memorysetup-profiler-bucket-allocator-granularity=16"
    "memorysetup-profiler-bucket-allocator-bucket-count=8"
    "memorysetup-profiler-bucket-allocator-block-size=33554432"
    "memorysetup-profiler-bucket-allocator-block-count=8"
    "memorysetup-profiler-allocator-block-size=16777216"
    "memorysetup-profiler-editor-allocator-block-size=1048576"
    "memorysetup-temp-allocator-size-main=16777216"
    "memorysetup-job-temp-allocator-block-size=2097152"
    "memorysetup-job-temp-allocator-block-size-background=1048576"
    "memorysetup-job-temp-allocator-reduction-small-platforms=262144"
    "memorysetup-temp-allocator-size-background-worker=32768"
    "memorysetup-temp-allocator-size-job-worker=262144"
    "memorysetup-temp-allocator-size-preload-manager=33554432"
    "memorysetup-temp-allocator-size-nav-mesh-worker=65536"
    "memorysetup-temp-allocator-size-audio-worker=65536"
    "memorysetup-temp-allocator-size-cloud-worker=32768"
    "memorysetup-temp-allocator-size-gi-baking-worker=262144"
    "memorysetup-temp-allocator-size-gfx=262144"
Refreshing native plugins compatible for Editor in 61.33 ms, found 3 plugins.
Preloading 0 native plugins for Editor in 0.00 ms.
Initialize engine version: 2021.3.1f1 (3b70a0754835)
[Subsystems] Discovering subsystems at path C:/Program Files/Unity 2021.3.1f1/Editor/Data/Resources/UnitySubsystems
[Subsystems] Discovering subsystems at path C:/Users/carlosam15/Documents/GitHub/Artificial-Intelligence/My project/Assets
GfxDevice: creating device client; threaded=0; jobified=0
Direct3D:
    Version:  Direct3D 11.0 [level 11.1]
    Renderer: NVIDIA GeForce GTX 1050 Ti (ID=0x1c82)
    Vendor:   NVIDIA
    VRAM:     4018 MB
    Driver:   30.0.14.7196
Initialize mono
Mono path[0] = 'C:/Program Files/Unity 2021.3.1f1/Editor/Data/Managed'
Mono path[1] = 'C:/Program Files/Unity 2021.3.1f1/Editor/Data/MonoBleedingEdge/lib/mono/unityjit-win32'
Mono config path = 'C:/Program Files/Unity 2021.3.1f1/Editor/Data/MonoBleedingEdge/etc'
Using monoOptions --debugger-agent=transport=dt_socket,embedding=1,server=y,suspend=n,address=127.0.0.1:56360
Begin MonoManager ReloadAssembly
Registering precompiled unity dll's ...
Register platform support module: C:/Program Files/Unity 2021.3.1f1/Editor/Data/PlaybackEngines/WindowsStandaloneSupport/UnityEditor.WindowsStandalone.Extensions.dll
Registered in 0.005146 seconds.
Native extension for WindowsStandalone target not found
Refreshing native plugins compatible for Editor in 62.35 ms, found 3 plugins.
Preloading 0 native plugins for Editor in 0.00 ms.
Mono: successfully reloaded assembly
- Completed reload, in  0.493 seconds
Domain Reload Profiling:
	ReloadAssembly (493ms)
		BeginReloadAssembly (58ms)
			ExecutionOrderSort (0ms)
			DisableScriptedObjects (0ms)
			BackupInstance (0ms)
			ReleaseScriptingObjects (0ms)
			CreateAndSetChildDomain (1ms)
		EndReloadAssembly (345ms)
			LoadAssemblies (56ms)
			RebuildTransferFunctionScriptingTraits (0ms)
			SetupTypeCache (75ms)
			ReleaseScriptCaches (0ms)
			RebuildScriptCaches (24ms)
			SetupLoadedEditorAssemblies (205ms)
				LogAssemblyErrors (0ms)
				InitializePlatformSupportModulesInManaged (5ms)
				SetLoadedEditorAssemblies (0ms)
				RefreshPlugins (62ms)
				BeforeProcessingInitializeOnLoad (1ms)
				ProcessInitializeOnLoadAttributes (103ms)
				ProcessInitializeOnLoadMethodAttributes (33ms)
				AfterProcessingInitializeOnLoad (0ms)
				EditorAssembliesLoaded (0ms)
			ExecutionOrderSort2 (0ms)
			AwakeInstancesAfterBackupRestoration (0ms)
Platform modules already initialized, skipping
Registering precompiled user dll's ...
Registered in 0.003363 seconds.
Begin MonoManager ReloadAssembly
Symbol file LoadedFromMemory doesn't match image C:\Users\carlosam15\Documents\GitHub\Artificial-Intelligence\My project\Library\PackageCache\com.unity.visualscripting@1.7.6\Editor\VisualScripting.Core\Dependencies\YamlDotNet\Unity.VisualScripting.YamlDotNet.dll
Symbol file LoadedFromMemory is not a mono symbol file
Symbol file LoadedFromMemory doesn't match image C:\Users\carlosam15\Documents\GitHub\Artificial-Intelligence\My project\Library\PackageCache\com.unity.visualscripting@1.7.6\Editor\VisualScripting.Core\Dependencies\DotNetZip\Unity.VisualScripting.IonicZip.dll
Native extension for WindowsStandalone target not found
Refreshing native plugins compatible for Editor in 0.40 ms, found 3 plugins.
Preloading 0 native plugins for Editor in 0.00 ms.
Mono: successfully reloaded assembly
- Completed reload, in  0.736 seconds
Domain Reload Profiling:
	ReloadAssembly (736ms)
		BeginReloadAssembly (89ms)
			ExecutionOrderSort (0ms)
			DisableScriptedObjects (4ms)
			BackupInstance (0ms)
			ReleaseScriptingObjects (0ms)
			CreateAndSetChildDomain (16ms)
		EndReloadAssembly (564ms)
			LoadAssemblies (81ms)
			RebuildTransferFunctionScriptingTraits (0ms)
			SetupTypeCache (172ms)
			ReleaseScriptCaches (0ms)
			RebuildScriptCaches (34ms)
			SetupLoadedEditorAssemblies (258ms)
				LogAssemblyErrors (0ms)
				InitializePlatformSupportModulesInManaged (4ms)
				SetLoadedEditorAssemblies (0ms)
				RefreshPlugins (0ms)
				BeforeProcessingInitializeOnLoad (59ms)
				ProcessInitializeOnLoadAttributes (168ms)
				ProcessInitializeOnLoadMethodAttributes (22ms)
				AfterProcessingInitializeOnLoad (5ms)
				EditorAssembliesLoaded (0ms)
			ExecutionOrderSort2 (0ms)
			AwakeInstancesAfterBackupRestoration (5ms)
Platform modules already initialized, skipping
========================================================================
Worker process is ready to serve import requests
Launched and connected shader compiler UnityShaderCompiler.exe after 0.03 seconds
Refreshing native plugins compatible for Editor in 0.43 ms, found 3 plugins.
Preloading 0 native plugins for Editor in 0.00 ms.
Unloading 3228 Unused Serialized files (Serialized files now loaded: 0)
Unloading 23 unused Assets / (112.4 KB). Loaded Objects now: 3688.
Memory consumption went from 112.3 MB to 112.2 MB.
Total: 2.809400 ms (FindLiveObjects: 0.226000 ms CreateObjectMapping: 0.103200 ms MarkObjects: 2.384200 ms  DeleteObjects: 0.095100 ms)

AssetImportParameters requested are different than current active one (requested -> active):
  custom:video-decoder-ogg-theora: a1e56fd34408186e4bbccfd4996cb3dc -> 
  custom:container-muxer-webm: aa71ff27fc2769a1b78a27578f13a17b -> 
  custom:container-demuxer-webm: 4f35f7cbe854078d1ac9338744f61a02 -> 
  custom:video-encoder-webm-vp8: eb34c28f22e8b96e1ab97ce403110664 -> 
  custom:audio-encoder-webm-vorbis: bf7c407c2cedff20999df2af8eb42d56 -> 
  custom:framework-win-MediaFoundation: 216162199b28c13a410421893ffa2e32 -> 
  custom:container-demuxer-ogg: 62fdf1f143b41e24485cea50d1cbac27 -> 
  custom:video-decoder-webm-vp8: 9c59270c3fd7afecdb556c50c9e8de78 -> 
  custom:audio-decoder-ogg-vorbis: bf7c407c2cedff20999df2af8eb42d56 -> 
========================================================================
Received Import Request.
  Time since last request: 5786.921944 seconds.
  path: Assets/Steering.cs
  artifactKey: Guid(8939968b6bd92644ea2bc46eabbd35bd) Importer(815301076,1909f56bfc062723c751e8b465ee728b)
Start importing Assets/Steering.cs using Guid(8939968b6bd92644ea2bc46eabbd35bd) Importer(815301076,1909f56bfc062723c751e8b465ee728b)  -> (artifact id: '07e8581ab44aaa34974ffcb01f3d8367') in 0.016324 seconds 
========================================================================
Received Import Request.
  Time since last request: 59.302229 seconds.
  path: Assets/Seek.cs
  artifactKey: Guid(0237f5cd7879ae146a5ad58b586f8cda) Importer(815301076,1909f56bfc062723c751e8b465ee728b)
Start importing Assets/Seek.cs using Guid(0237f5cd7879ae146a5ad58b586f8cda) Importer(815301076,1909f56bfc062723c751e8b465ee728b)  -> (artifact id: 'eafb35daba4cad2097ab52f2033de91f') in 0.005391 seconds 
========================================================================
Received Import Request.
  Time since last request: 87.487146 seconds.
  path: Assets/Navigation.cs
  artifactKey: Guid(d2b76c1cb3aff084d97768f7aba8ebe1) Importer(815301076,1909f56bfc062723c751e8b465ee728b)
Start importing Assets/Navigation.cs using Guid(d2b76c1cb3aff084d97768f7aba8ebe1) Importer(815301076,1909f56bfc062723c751e8b465ee728b)  -> (artifact id: 'db3dfaa53bf3d8d31474deee3d634f13') in 0.001947 seconds 
========================================================================
Received Import Request.
  Time since last request: 4.174296 seconds.
  path: Assets/Follow Path.cs
  artifactKey: Guid(267b6d88b3050d248a0a88df79c9995b) Importer(815301076,1909f56bfc062723c751e8b465ee728b)
Start importing Assets/Follow Path.cs using Guid(267b6d88b3050d248a0a88df79c9995b) Importer(815301076,1909f56bfc062723c751e8b465ee728b)  -> (artifact id: '6ec06a48de97ba305224c12833d4a462') in 0.002301 seconds 
========================================================================
Received Import Request.
  Time since last request: 15.229998 seconds.
  path: Assets/NewBehaviourScript.cs
  artifactKey: Guid(b765837bdbd320648857a519502ddc95) Importer(815301076,1909f56bfc062723c751e8b465ee728b)
Start importing Assets/NewBehaviourScript.cs using Guid(b765837bdbd320648857a519502ddc95) Importer(815301076,1909f56bfc062723c751e8b465ee728b)  -> (artifact id: 'a17b51785848546f07c8f0a55ded1dca') in 0.001932 seconds 
========================================================================
Received Import Request.
  Time since last request: 12.723674 seconds.
  path: Assets/Navigation.cs
  artifactKey: Guid(d2b76c1cb3aff084d97768f7aba8ebe1) Importer(815301076,1909f56bfc062723c751e8b465ee728b)
Start importing Assets/Navigation.cs using Guid(d2b76c1cb3aff084d97768f7aba8ebe1) Importer(815301076,1909f56bfc062723c751e8b465ee728b)  -> (artifact id: '1a8cc53c1ab9e9f0602907b28d03d337') in 0.001772 seconds 
========================================================================
Received Import Request.
  Time since last request: 42.198635 seconds.
  path: Assets/Navigation.cs
  artifactKey: Guid(d2b76c1cb3aff084d97768f7aba8ebe1) Importer(815301076,1909f56bfc062723c751e8b465ee728b)
Start importing Assets/Navigation.cs using Guid(d2b76c1cb3aff084d97768f7aba8ebe1) Importer(815301076,1909f56bfc062723c751e8b465ee728b)  -> (artifact id: 'e4143cf53f41e1888721eac5a8e3ca7a') in 0.001535 seconds 
========================================================================
Received Import Request.
  Time since last request: 2.589106 seconds.
  path: Assets/Seek.cs
  artifactKey: Guid(0237f5cd7879ae146a5ad58b586f8cda) Importer(815301076,1909f56bfc062723c751e8b465ee728b)
Start importing Assets/Seek.cs using Guid(0237f5cd7879ae146a5ad58b586f8cda) Importer(815301076,1909f56bfc062723c751e8b465ee728b)  -> (artifact id: 'd208772e236ed762f68a389e3e335413') in 0.002265 seconds 
========================================================================
Received Import Request.
  Time since last request: 9.203759 seconds.
  path: Assets/Seek.cs
  artifactKey: Guid(0237f5cd7879ae146a5ad58b586f8cda) Importer(815301076,1909f56bfc062723c751e8b465ee728b)
Start importing Assets/Seek.cs using Guid(0237f5cd7879ae146a5ad58b586f8cda) Importer(815301076,1909f56bfc062723c751e8b465ee728b)  -> (artifact id: '9a3df3670fceeeb2839a29c5655922f4') in 0.002434 seconds 
========================================================================
Received Import Request.
  Time since last request: 47.427875 seconds.
  path: Assets/Navigation.cs
  artifactKey: Guid(d2b76c1cb3aff084d97768f7aba8ebe1) Importer(815301076,1909f56bfc062723c751e8b465ee728b)
Start importing Assets/Navigation.cs using Guid(d2b76c1cb3aff084d97768f7aba8ebe1) Importer(815301076,1909f56bfc062723c751e8b465ee728b)  -> (artifact id: '9bf0524a88ab14e1540febf12cbf9308') in 0.001699 seconds 
========================================================================
Received Import Request.
  Time since last request: 18.722852 seconds.
  path: Assets/Navigation.cs
  artifactKey: Guid(d2b76c1cb3aff084d97768f7aba8ebe1) Importer(815301076,1909f56bfc062723c751e8b465ee728b)
Start importing Assets/Navigation.cs using Guid(d2b76c1cb3aff084d97768f7aba8ebe1) Importer(815301076,1909f56bfc062723c751e8b465ee728b)  -> (artifact id: 'c52e8ffe40499aa9b03c179ddbfba8e9') in 0.001929 seconds 
========================================================================
Received Import Request.
  Time since last request: 23.703759 seconds.
  path: Assets/Seek.cs
  artifactKey: Guid(0237f5cd7879ae146a5ad58b586f8cda) Importer(815301076,1909f56bfc062723c751e8b465ee728b)
Start importing Assets/Seek.cs using Guid(0237f5cd7879ae146a5ad58b586f8cda) Importer(815301076,1909f56bfc062723c751e8b465ee728b)  -> (artifact id: '105253843637469031353b1985243c4c') in 0.001660 seconds 
========================================================================
Received Import Request.
  Time since last request: 95.305102 seconds.
  path: Assets/Seek.cs
  artifactKey: Guid(0237f5cd7879ae146a5ad58b586f8cda) Importer(815301076,1909f56bfc062723c751e8b465ee728b)
Start importing Assets/Seek.cs using Guid(0237f5cd7879ae146a5ad58b586f8cda) Importer(815301076,1909f56bfc062723c751e8b465ee728b)  -> (artifact id: '6e172ef289bf03ca1c78150ca04b130f') in 0.002489 seconds 
========================================================================
Received Import Request.
  Time since last request: 3.078122 seconds.
  path: Assets/Seeking.cs
  artifactKey: Guid(0237f5cd7879ae146a5ad58b586f8cda) Importer(815301076,1909f56bfc062723c751e8b465ee728b)
Start importing Assets/Seeking.cs using Guid(0237f5cd7879ae146a5ad58b586f8cda) Importer(815301076,1909f56bfc062723c751e8b465ee728b)  -> (artifact id: 'cbbfb1f10d2dbcec55c64ff695f7302d') in 0.004390 seconds 
========================================================================
Received Import Request.
  Time since last request: 180.093363 seconds.
  path: Assets/Seeking.cs
  artifactKey: Guid(0237f5cd7879ae146a5ad58b586f8cda) Importer(815301076,1909f56bfc062723c751e8b465ee728b)
Start importing Assets/Seeking.cs using Guid(0237f5cd7879ae146a5ad58b586f8cda) Importer(815301076,1909f56bfc062723c751e8b465ee728b)  -> (artifact id: 'ad2c8a274fe6a0ea397997431250b17d') in 0.001639 seconds 
========================================================================
Received Import Request.
  Time since last request: 43.353409 seconds.
  path: Assets/Navigation.cs
  artifactKey: Guid(d2b76c1cb3aff084d97768f7aba8ebe1) Importer(815301076,1909f56bfc062723c751e8b465ee728b)
Start importing Assets/Navigation.cs using Guid(d2b76c1cb3aff084d97768f7aba8ebe1) Importer(815301076,1909f56bfc062723c751e8b465ee728b)  -> (artifact id: '4c230a18c9db4c51eab9e36e751e8ed4') in 0.001910 seconds 
========================================================================
Received Prepare
Registering precompiled user dll's ...
Registered in 0.002662 seconds.
Begin MonoManager ReloadAssembly
Symbol file LoadedFromMemory doesn't match image C:\Users\carlosam15\Documents\GitHub\Artificial-Intelligence\My project\Library\PackageCache\com.unity.visualscripting@1.7.6\Editor\VisualScripting.Core\Dependencies\YamlDotNet\Unity.VisualScripting.YamlDotNet.dll
Symbol file LoadedFromMemory is not a mono symbol file
Symbol file LoadedFromMemory doesn't match image C:\Users\carlosam15\Documents\GitHub\Artificial-Intelligence\My project\Library\PackageCache\com.unity.visualscripting@1.7.6\Editor\VisualScripting.Core\Dependencies\DotNetZip\Unity.VisualScripting.IonicZip.dll
Native extension for WindowsStandalone target not found
Refreshing native plugins compatible for Editor in 0.48 ms, found 3 plugins.
Preloading 0 native plugins for Editor in 0.00 ms.
Mono: successfully reloaded assembly
- Completed reload, in  0.777 seconds
Domain Reload Profiling:
	ReloadAssembly (778ms)
		BeginReloadAssembly (118ms)
			ExecutionOrderSort (0ms)
			DisableScriptedObjects (6ms)
			BackupInstance (0ms)
			ReleaseScriptingObjects (0ms)
			CreateAndSetChildDomain (35ms)
		EndReloadAssembly (592ms)
			LoadAssemblies (79ms)
			RebuildTransferFunctionScriptingTraits (0ms)
			SetupTypeCache (204ms)
			ReleaseScriptCaches (1ms)
			RebuildScriptCaches (39ms)
			SetupLoadedEditorAssemblies (231ms)
				LogAssemblyErrors (0ms)
				InitializePlatformSupportModulesInManaged (11ms)
				SetLoadedEditorAssemblies (0ms)
				RefreshPlugins (1ms)
				BeforeProcessingInitializeOnLoad (55ms)
				ProcessInitializeOnLoadAttributes (143ms)
				ProcessInitializeOnLoadMethodAttributes (15ms)
				AfterProcessingInitializeOnLoad (5ms)
				EditorAssembliesLoaded (0ms)
			ExecutionOrderSort2 (0ms)
			AwakeInstancesAfterBackupRestoration (5ms)
Platform modules already initialized, skipping
Refreshing native plugins compatible for Editor in 1.18 ms, found 3 plugins.
Preloading 0 native plugins for Editor in 0.00 ms.
Unloading 3222 Unused Serialized files (Serialized files now loaded: 0)
Unloading 18 unused Assets / (79.3 KB). Loaded Objects now: 3690.
Memory consumption went from 112.3 MB to 112.2 MB.
Total: 2.180300 ms (FindLiveObjects: 0.197900 ms CreateObjectMapping: 0.091100 ms MarkObjects: 1.831300 ms  DeleteObjects: 0.059500 ms)

AssetImportParameters requested are different than current active one (requested -> active):
  custom:video-decoder-ogg-theora: a1e56fd34408186e4bbccfd4996cb3dc -> 
  custom:container-muxer-webm: aa71ff27fc2769a1b78a27578f13a17b -> 
  custom:container-demuxer-webm: 4f35f7cbe854078d1ac9338744f61a02 -> 
  custom:video-encoder-webm-vp8: eb34c28f22e8b96e1ab97ce403110664 -> 
  custom:audio-encoder-webm-vorbis: bf7c407c2cedff20999df2af8eb42d56 -> 
  custom:framework-win-MediaFoundation: 216162199b28c13a410421893ffa2e32 -> 
  custom:container-demuxer-ogg: 62fdf1f143b41e24485cea50d1cbac27 -> 
  custom:video-decoder-webm-vp8: 9c59270c3fd7afecdb556c50c9e8de78 -> 
  custom:audio-decoder-ogg-vorbis: bf7c407c2cedff20999df2af8eb42d56 -> 
========================================================================
Received Prepare
Registering precompiled user dll's ...
Registered in 0.003547 seconds.
Begin MonoManager ReloadAssembly
Symbol file LoadedFromMemory doesn't match image C:\Users\carlosam15\Documents\GitHub\Artificial-Intelligence\My project\Library\PackageCache\com.unity.visualscripting@1.7.6\Editor\VisualScripting.Core\Dependencies\YamlDotNet\Unity.VisualScripting.YamlDotNet.dll
Symbol file LoadedFromMemory is not a mono symbol file
Symbol file LoadedFromMemory doesn't match image C:\Users\carlosam15\Documents\GitHub\Artificial-Intelligence\My project\Library\PackageCache\com.unity.visualscripting@1.7.6\Editor\VisualScripting.Core\Dependencies\DotNetZip\Unity.VisualScripting.IonicZip.dll
Native extension for WindowsStandalone target not found
Refreshing native plugins compatible for Editor in 0.47 ms, found 3 plugins.
Preloading 0 native plugins for Editor in 0.00 ms.
Mono: successfully reloaded assembly
- Completed reload, in  0.789 seconds
Domain Reload Profiling:
	ReloadAssembly (789ms)
		BeginReloadAssembly (111ms)
			ExecutionOrderSort (0ms)
			DisableScriptedObjects (4ms)
			BackupInstance (0ms)
			ReleaseScriptingObjects (0ms)
			CreateAndSetChildDomain (31ms)
		EndReloadAssembly (610ms)
			LoadAssemblies (74ms)
			RebuildTransferFunctionScriptingTraits (0ms)
			SetupTypeCache (202ms)
			ReleaseScriptCaches (1ms)
			RebuildScriptCaches (41ms)
			SetupLoadedEditorAssemblies (247ms)
				LogAssemblyErrors (0ms)
				InitializePlatformSupportModulesInManaged (9ms)
				SetLoadedEditorAssemblies (0ms)
				RefreshPlugins (1ms)
				BeforeProcessingInitializeOnLoad (51ms)
				ProcessInitializeOnLoadAttributes (161ms)
				ProcessInitializeOnLoadMethodAttributes (19ms)
				AfterProcessingInitializeOnLoad (5ms)
				EditorAssembliesLoaded (0ms)
			ExecutionOrderSort2 (0ms)
			AwakeInstancesAfterBackupRestoration (7ms)
Platform modules already initialized, skipping
Refreshing native plugins compatible for Editor in 1.27 ms, found 3 plugins.
Preloading 0 native plugins for Editor in 0.00 ms.
Unloading 3222 Unused Serialized files (Serialized files now loaded: 0)
Unloading 16 unused Assets / (79.3 KB). Loaded Objects now: 3693.
Memory consumption went from 112.3 MB to 112.2 MB.
Total: 2.306600 ms (FindLiveObjects: 0.218500 ms CreateObjectMapping: 0.102800 ms MarkObjects: 1.905600 ms  DeleteObjects: 0.072000 ms)

AssetImportParameters requested are different than current active one (requested -> active):
  custom:video-decoder-ogg-theora: a1e56fd34408186e4bbccfd4996cb3dc -> 
  custom:container-muxer-webm: aa71ff27fc2769a1b78a27578f13a17b -> 
  custom:container-demuxer-webm: 4f35f7cbe854078d1ac9338744f61a02 -> 
  custom:video-encoder-webm-vp8: eb34c28f22e8b96e1ab97ce403110664 -> 
  custom:audio-encoder-webm-vorbis: bf7c407c2cedff20999df2af8eb42d56 -> 
  custom:framework-win-MediaFoundation: 216162199b28c13a410421893ffa2e32 -> 
  custom:container-demuxer-ogg: 62fdf1f143b41e24485cea50d1cbac27 -> 
  custom:video-decoder-webm-vp8: 9c59270c3fd7afecdb556c50c9e8de78 -> 
  custom:audio-decoder-ogg-vorbis: bf7c407c2cedff20999df2af8eb42d56 -> 
